{"/Users/ecorreia/Sites/_tests/debugTool/debug-util.js":{"path":"/Users/ecorreia/Sites/_tests/debugTool/debug-util.js","s":{"1":1,"2":1,"3":1,"4":1,"5":1,"6":1,"7":3,"8":3,"9":1,"10":1,"11":0,"12":1,"13":4,"14":4,"15":4,"16":0,"17":4,"18":1,"19":1,"20":1,"21":3,"22":1,"23":1,"24":1,"25":2,"26":1,"27":1,"28":1,"29":1,"30":0,"31":1,"32":1,"33":0,"34":0,"35":1,"36":1,"37":1,"38":1,"39":1,"40":1,"41":2,"42":2,"43":2,"44":2,"45":2,"46":2,"47":2,"48":2,"49":2,"50":2,"51":2,"52":2,"53":2,"54":1,"55":3,"56":3,"57":3,"58":3,"59":3,"60":3,"61":1,"62":1,"63":1,"64":1,"65":1,"66":1,"67":1},"b":{"1":[3,0],"2":[1,1],"3":[0,1],"4":[0,4],"5":[1,3],"6":[1,0],"7":[1,2],"8":[3,2],"9":[1,0],"10":[1,1],"11":[1,0],"12":[0,1],"13":[1,0],"14":[0,0],"15":[1,0],"16":[3,0],"17":[1,0]},"f":{"1":3,"2":4,"3":2,"4":3},"fnMap":{"1":{"name":"grab","line":11,"loc":{"start":{"line":11,"column":0},"end":{"line":11,"column":21}}},"2":{"name":"debug","line":21,"loc":{"start":{"line":21,"column":0},"end":{"line":21,"column":42}}},"3":{"name":"colorAndConsole","line":76,"loc":{"start":{"line":76,"column":0},"end":{"line":76,"column":46}}},"4":{"name":"logTofile","line":102,"loc":{"start":{"line":102,"column":0},"end":{"line":102,"column":40}}}},"statementMap":{"1":{"start":{"line":2,"column":0},"end":{"line":2,"column":31}},"2":{"start":{"line":3,"column":0},"end":{"line":3,"column":25}},"3":{"start":{"line":4,"column":0},"end":{"line":4,"column":35}},"4":{"start":{"line":6,"column":0},"end":{"line":6,"column":24}},"5":{"start":{"line":8,"column":0},"end":{"line":8,"column":26}},"6":{"start":{"line":11,"column":0},"end":{"line":14,"column":1}},"7":{"start":{"line":12,"column":2},"end":{"line":12,"column":32}},"8":{"start":{"line":13,"column":2},"end":{"line":13,"column":49}},"9":{"start":{"line":15,"column":0},"end":{"line":15,"column":42}},"10":{"start":{"line":17,"column":0},"end":{"line":19,"column":1}},"11":{"start":{"line":18,"column":2},"end":{"line":18,"column":28}},"12":{"start":{"line":21,"column":0},"end":{"line":74,"column":1}},"13":{"start":{"line":23,"column":2},"end":{"line":23,"column":23}},"14":{"start":{"line":25,"column":2},"end":{"line":73,"column":3}},"15":{"start":{"line":26,"column":4},"end":{"line":72,"column":1}},"16":{"start":{"line":27,"column":6},"end":{"line":27,"column":29}},"17":{"start":{"line":30,"column":6},"end":{"line":33,"column":3}},"18":{"start":{"line":31,"column":4},"end":{"line":31,"column":79}},"19":{"start":{"line":32,"column":4},"end":{"line":32,"column":36}},"20":{"start":{"line":32,"column":17},"end":{"line":32,"column":36}},"21":{"start":{"line":35,"column":2},"end":{"line":38,"column":3}},"22":{"start":{"line":36,"column":4},"end":{"line":36,"column":87}},"23":{"start":{"line":37,"column":4},"end":{"line":37,"column":36}},"24":{"start":{"line":37,"column":17},"end":{"line":37,"column":36}},"25":{"start":{"line":40,"column":2},"end":{"line":71,"column":3}},"26":{"start":{"line":42,"column":4},"end":{"line":44,"column":5}},"27":{"start":{"line":43,"column":6},"end":{"line":43,"column":34}},"28":{"start":{"line":46,"column":4},"end":{"line":46,"column":19}},"29":{"start":{"line":47,"column":4},"end":{"line":53,"column":5}},"30":{"start":{"line":48,"column":6},"end":{"line":48,"column":17}},"31":{"start":{"line":49,"column":11},"end":{"line":53,"column":5}},"32":{"start":{"line":50,"column":6},"end":{"line":50,"column":17}},"33":{"start":{"line":51,"column":11},"end":{"line":53,"column":5}},"34":{"start":{"line":52,"column":6},"end":{"line":52,"column":17}},"35":{"start":{"line":55,"column":4},"end":{"line":64,"column":6}},"36":{"start":{"line":66,"column":4},"end":{"line":66,"column":86}},"37":{"start":{"line":68,"column":4},"end":{"line":68,"column":44}},"38":{"start":{"line":70,"column":4},"end":{"line":70,"column":36}},"39":{"start":{"line":70,"column":17},"end":{"line":70,"column":36}},"40":{"start":{"line":76,"column":0},"end":{"line":100,"column":1}},"41":{"start":{"line":78,"column":2},"end":{"line":78,"column":50}},"42":{"start":{"line":79,"column":2},"end":{"line":79,"column":32}},"43":{"start":{"line":80,"column":2},"end":{"line":80,"column":26}},"44":{"start":{"line":81,"column":2},"end":{"line":81,"column":28}},"45":{"start":{"line":82,"column":2},"end":{"line":82,"column":32}},"46":{"start":{"line":83,"column":2},"end":{"line":83,"column":32}},"47":{"start":{"line":84,"column":2},"end":{"line":84,"column":26}},"48":{"start":{"line":85,"column":2},"end":{"line":85,"column":30}},"49":{"start":{"line":86,"column":2},"end":{"line":86,"column":24}},"50":{"start":{"line":87,"column":2},"end":{"line":87,"column":36}},"51":{"start":{"line":88,"column":2},"end":{"line":88,"column":30}},"52":{"start":{"line":90,"column":2},"end":{"line":97,"column":61}},"53":{"start":{"line":99,"column":2},"end":{"line":99,"column":33}},"54":{"start":{"line":102,"column":0},"end":{"line":117,"column":1}},"55":{"start":{"line":104,"column":2},"end":{"line":110,"column":42}},"56":{"start":{"line":111,"column":2},"end":{"line":111,"column":107}},"57":{"start":{"line":112,"column":2},"end":{"line":112,"column":136}},"58":{"start":{"line":114,"column":2},"end":{"line":114,"column":62}},"59":{"start":{"line":116,"column":2},"end":{"line":116,"column":34}},"60":{"start":{"line":116,"column":15},"end":{"line":116,"column":34}},"61":{"start":{"line":120,"column":0},"end":{"line":122,"column":1}},"62":{"start":{"line":121,"column":2},"end":{"line":121,"column":25}},"63":{"start":{"line":124,"column":0},"end":{"line":124,"column":29}},"64":{"start":{"line":125,"column":0},"end":{"line":125,"column":37}},"65":{"start":{"line":126,"column":0},"end":{"line":126,"column":49}},"66":{"start":{"line":127,"column":0},"end":{"line":127,"column":27}},"67":{"start":{"line":128,"column":0},"end":{"line":128,"column":30}}},"branchMap":{"1":{"line":13,"type":"cond-expr","locations":[{"start":{"line":13,"column":21},"end":{"line":13,"column":25}},{"start":{"line":13,"column":28},"end":{"line":13,"column":47}}]},"2":{"line":15,"type":"binary-expr","locations":[{"start":{"line":15,"column":12},"end":{"line":15,"column":27}},{"start":{"line":15,"column":31},"end":{"line":15,"column":41}}]},"3":{"line":17,"type":"if","locations":[{"start":{"line":17,"column":0},"end":{"line":17,"column":0}},{"start":{"line":17,"column":0},"end":{"line":17,"column":0}}]},"4":{"line":26,"type":"if","locations":[{"start":{"line":26,"column":4},"end":{"line":26,"column":4}},{"start":{"line":26,"column":4},"end":{"line":26,"column":4}}]},"5":{"line":30,"type":"if","locations":[{"start":{"line":30,"column":6},"end":{"line":30,"column":6}},{"start":{"line":30,"column":6},"end":{"line":30,"column":6}}]},"6":{"line":32,"type":"if","locations":[{"start":{"line":32,"column":4},"end":{"line":32,"column":4}},{"start":{"line":32,"column":4},"end":{"line":32,"column":4}}]},"7":{"line":35,"type":"if","locations":[{"start":{"line":35,"column":2},"end":{"line":35,"column":2}},{"start":{"line":35,"column":2},"end":{"line":35,"column":2}}]},"8":{"line":35,"type":"binary-expr","locations":[{"start":{"line":35,"column":5},"end":{"line":35,"column":13}},{"start":{"line":35,"column":17},"end":{"line":35,"column":40}}]},"9":{"line":37,"type":"if","locations":[{"start":{"line":37,"column":4},"end":{"line":37,"column":4}},{"start":{"line":37,"column":4},"end":{"line":37,"column":4}}]},"10":{"line":40,"type":"if","locations":[{"start":{"line":40,"column":2},"end":{"line":40,"column":2}},{"start":{"line":40,"column":2},"end":{"line":40,"column":2}}]},"11":{"line":42,"type":"if","locations":[{"start":{"line":42,"column":4},"end":{"line":42,"column":4}},{"start":{"line":42,"column":4},"end":{"line":42,"column":4}}]},"12":{"line":47,"type":"if","locations":[{"start":{"line":47,"column":4},"end":{"line":47,"column":4}},{"start":{"line":47,"column":4},"end":{"line":47,"column":4}}]},"13":{"line":49,"type":"if","locations":[{"start":{"line":49,"column":11},"end":{"line":49,"column":11}},{"start":{"line":49,"column":11},"end":{"line":49,"column":11}}]},"14":{"line":51,"type":"if","locations":[{"start":{"line":51,"column":11},"end":{"line":51,"column":11}},{"start":{"line":51,"column":11},"end":{"line":51,"column":11}}]},"15":{"line":70,"type":"if","locations":[{"start":{"line":70,"column":4},"end":{"line":70,"column":4}},{"start":{"line":70,"column":4},"end":{"line":70,"column":4}}]},"16":{"line":116,"type":"if","locations":[{"start":{"line":116,"column":2},"end":{"line":116,"column":2}},{"start":{"line":116,"column":2},"end":{"line":116,"column":2}}]},"17":{"line":120,"type":"if","locations":[{"start":{"line":120,"column":0},"end":{"line":120,"column":0}},{"start":{"line":120,"column":0},"end":{"line":120,"column":0}}]}}},"/Users/ecorreia/Sites/_tests/debugTool/caller.js":{"path":"/Users/ecorreia/Sites/_tests/debugTool/caller.js","s":{"1":2,"2":1,"3":5,"4":1,"5":5,"6":5,"7":5,"8":2},"b":{},"f":{"1":5,"2":5},"fnMap":{"1":{"name":"getCaller","line":3,"loc":{"start":{"line":3,"column":0},"end":{"line":3,"column":25}}},"2":{"name":"getData","line":7,"loc":{"start":{"line":7,"column":0},"end":{"line":7,"column":19}}}},"statementMap":{"1":{"start":{"line":1,"column":0},"end":{"line":1,"column":40}},"2":{"start":{"line":3,"column":0},"end":{"line":5,"column":1}},"3":{"start":{"line":4,"column":2},"end":{"line":4,"column":21}},"4":{"start":{"line":7,"column":0},"end":{"line":21,"column":1}},"5":{"start":{"line":8,"column":2},"end":{"line":8,"column":49}},"6":{"start":{"line":9,"column":2},"end":{"line":9,"column":24}},"7":{"start":{"line":10,"column":2},"end":{"line":20,"column":4}},"8":{"start":{"line":23,"column":0},"end":{"line":23,"column":25}}},"branchMap":{}}}