{"/Users/ecorreia/Sites/_tests/debugTool/debug-util.js":{"path":"/Users/ecorreia/Sites/_tests/debugTool/debug-util.js","s":{"1":1,"2":1,"3":1,"4":1,"5":1,"6":1,"7":3,"8":3,"9":1,"10":1,"11":0,"12":0,"13":1,"14":3,"15":3,"16":3,"17":0,"18":3,"19":1,"20":1,"21":1,"22":2,"23":0,"24":0,"25":0,"26":2,"27":1,"28":1,"29":1,"30":1,"31":0,"32":1,"33":1,"34":0,"35":0,"36":1,"37":1,"38":1,"39":1,"40":1,"41":1,"42":1,"43":2,"44":2,"45":2,"46":2,"47":2,"48":2,"49":2,"50":2,"51":2,"52":2,"53":2,"54":2,"55":2,"56":1,"57":3,"58":3,"59":3,"60":3,"61":3,"62":3,"63":1,"64":1,"65":1,"66":1,"67":1},"b":{"1":[3,0],"2":[1,1],"3":[0,1],"4":[0,3],"5":[1,2],"6":[1,0],"7":[0,2],"8":[2,2],"9":[0,0],"10":[1,1],"11":[1,0],"12":[0,1],"13":[1,0],"14":[0,0],"15":[1,0],"16":[3,0]},"f":{"1":3,"2":3,"3":2,"4":3},"fnMap":{"1":{"name":"grab","line":9,"loc":{"start":{"line":9,"column":0},"end":{"line":9,"column":21}}},"2":{"name":"debug","line":19,"loc":{"start":{"line":19,"column":0},"end":{"line":19,"column":42}}},"3":{"name":"colorAndConsole","line":72,"loc":{"start":{"line":72,"column":0},"end":{"line":72,"column":46}}},"4":{"name":"logTofile","line":100,"loc":{"start":{"line":100,"column":0},"end":{"line":100,"column":40}}}},"statementMap":{"1":{"start":{"line":1,"column":0},"end":{"line":1,"column":31}},"2":{"start":{"line":2,"column":0},"end":{"line":2,"column":25}},"3":{"start":{"line":3,"column":0},"end":{"line":3,"column":38}},"4":{"start":{"line":5,"column":0},"end":{"line":5,"column":24}},"5":{"start":{"line":7,"column":0},"end":{"line":7,"column":26}},"6":{"start":{"line":9,"column":0},"end":{"line":12,"column":1}},"7":{"start":{"line":10,"column":2},"end":{"line":10,"column":32}},"8":{"start":{"line":11,"column":2},"end":{"line":11,"column":49}},"9":{"start":{"line":13,"column":0},"end":{"line":13,"column":42}},"10":{"start":{"line":14,"column":0},"end":{"line":17,"column":1}},"11":{"start":{"line":15,"column":2},"end":{"line":15,"column":15}},"12":{"start":{"line":16,"column":2},"end":{"line":16,"column":28}},"13":{"start":{"line":19,"column":0},"end":{"line":70,"column":1}},"14":{"start":{"line":20,"column":2},"end":{"line":20,"column":33}},"15":{"start":{"line":21,"column":2},"end":{"line":69,"column":7}},"16":{"start":{"line":22,"column":4},"end":{"line":68,"column":5}},"17":{"start":{"line":23,"column":6},"end":{"line":23,"column":29}},"18":{"start":{"line":26,"column":6},"end":{"line":29,"column":7}},"19":{"start":{"line":27,"column":8},"end":{"line":27,"column":83}},"20":{"start":{"line":28,"column":8},"end":{"line":28,"column":40}},"21":{"start":{"line":28,"column":21},"end":{"line":28,"column":40}},"22":{"start":{"line":31,"column":6},"end":{"line":34,"column":7}},"23":{"start":{"line":32,"column":8},"end":{"line":32,"column":91}},"24":{"start":{"line":33,"column":8},"end":{"line":33,"column":40}},"25":{"start":{"line":33,"column":21},"end":{"line":33,"column":40}},"26":{"start":{"line":35,"column":6},"end":{"line":67,"column":7}},"27":{"start":{"line":37,"column":8},"end":{"line":39,"column":9}},"28":{"start":{"line":38,"column":10},"end":{"line":38,"column":38}},"29":{"start":{"line":41,"column":8},"end":{"line":41,"column":23}},"30":{"start":{"line":42,"column":8},"end":{"line":48,"column":9}},"31":{"start":{"line":43,"column":10},"end":{"line":43,"column":21}},"32":{"start":{"line":44,"column":15},"end":{"line":48,"column":9}},"33":{"start":{"line":45,"column":10},"end":{"line":45,"column":21}},"34":{"start":{"line":46,"column":15},"end":{"line":48,"column":9}},"35":{"start":{"line":47,"column":10},"end":{"line":47,"column":21}},"36":{"start":{"line":50,"column":8},"end":{"line":59,"column":10}},"37":{"start":{"line":61,"column":8},"end":{"line":61,"column":90}},"38":{"start":{"line":63,"column":8},"end":{"line":63,"column":48}},"39":{"start":{"line":65,"column":8},"end":{"line":65,"column":58}},"40":{"start":{"line":66,"column":8},"end":{"line":66,"column":40}},"41":{"start":{"line":66,"column":21},"end":{"line":66,"column":40}},"42":{"start":{"line":72,"column":0},"end":{"line":98,"column":1}},"43":{"start":{"line":74,"column":2},"end":{"line":74,"column":50}},"44":{"start":{"line":75,"column":2},"end":{"line":75,"column":32}},"45":{"start":{"line":76,"column":2},"end":{"line":76,"column":26}},"46":{"start":{"line":77,"column":2},"end":{"line":77,"column":28}},"47":{"start":{"line":78,"column":2},"end":{"line":78,"column":32}},"48":{"start":{"line":79,"column":2},"end":{"line":79,"column":32}},"49":{"start":{"line":80,"column":2},"end":{"line":80,"column":26}},"50":{"start":{"line":81,"column":2},"end":{"line":81,"column":30}},"51":{"start":{"line":82,"column":2},"end":{"line":82,"column":24}},"52":{"start":{"line":83,"column":2},"end":{"line":83,"column":36}},"53":{"start":{"line":84,"column":2},"end":{"line":84,"column":30}},"54":{"start":{"line":86,"column":2},"end":{"line":93,"column":61}},"55":{"start":{"line":95,"column":2},"end":{"line":95,"column":33}},"56":{"start":{"line":100,"column":0},"end":{"line":114,"column":1}},"57":{"start":{"line":101,"column":2},"end":{"line":107,"column":42}},"58":{"start":{"line":108,"column":2},"end":{"line":108,"column":107}},"59":{"start":{"line":109,"column":2},"end":{"line":109,"column":136}},"60":{"start":{"line":111,"column":2},"end":{"line":111,"column":62}},"61":{"start":{"line":113,"column":2},"end":{"line":113,"column":34}},"62":{"start":{"line":113,"column":15},"end":{"line":113,"column":34}},"63":{"start":{"line":116,"column":0},"end":{"line":116,"column":29}},"64":{"start":{"line":117,"column":0},"end":{"line":117,"column":37}},"65":{"start":{"line":118,"column":0},"end":{"line":118,"column":49}},"66":{"start":{"line":119,"column":0},"end":{"line":119,"column":27}},"67":{"start":{"line":120,"column":0},"end":{"line":120,"column":30}}},"branchMap":{"1":{"line":11,"type":"cond-expr","locations":[{"start":{"line":11,"column":21},"end":{"line":11,"column":25}},{"start":{"line":11,"column":28},"end":{"line":11,"column":47}}]},"2":{"line":13,"type":"binary-expr","locations":[{"start":{"line":13,"column":12},"end":{"line":13,"column":27}},{"start":{"line":13,"column":31},"end":{"line":13,"column":41}}]},"3":{"line":14,"type":"if","locations":[{"start":{"line":14,"column":0},"end":{"line":14,"column":0}},{"start":{"line":14,"column":0},"end":{"line":14,"column":0}}]},"4":{"line":22,"type":"if","locations":[{"start":{"line":22,"column":4},"end":{"line":22,"column":4}},{"start":{"line":22,"column":4},"end":{"line":22,"column":4}}]},"5":{"line":26,"type":"if","locations":[{"start":{"line":26,"column":6},"end":{"line":26,"column":6}},{"start":{"line":26,"column":6},"end":{"line":26,"column":6}}]},"6":{"line":28,"type":"if","locations":[{"start":{"line":28,"column":8},"end":{"line":28,"column":8}},{"start":{"line":28,"column":8},"end":{"line":28,"column":8}}]},"7":{"line":31,"type":"if","locations":[{"start":{"line":31,"column":6},"end":{"line":31,"column":6}},{"start":{"line":31,"column":6},"end":{"line":31,"column":6}}]},"8":{"line":31,"type":"binary-expr","locations":[{"start":{"line":31,"column":9},"end":{"line":31,"column":17}},{"start":{"line":31,"column":21},"end":{"line":31,"column":44}}]},"9":{"line":33,"type":"if","locations":[{"start":{"line":33,"column":8},"end":{"line":33,"column":8}},{"start":{"line":33,"column":8},"end":{"line":33,"column":8}}]},"10":{"line":35,"type":"if","locations":[{"start":{"line":35,"column":6},"end":{"line":35,"column":6}},{"start":{"line":35,"column":6},"end":{"line":35,"column":6}}]},"11":{"line":37,"type":"if","locations":[{"start":{"line":37,"column":8},"end":{"line":37,"column":8}},{"start":{"line":37,"column":8},"end":{"line":37,"column":8}}]},"12":{"line":42,"type":"if","locations":[{"start":{"line":42,"column":8},"end":{"line":42,"column":8}},{"start":{"line":42,"column":8},"end":{"line":42,"column":8}}]},"13":{"line":44,"type":"if","locations":[{"start":{"line":44,"column":15},"end":{"line":44,"column":15}},{"start":{"line":44,"column":15},"end":{"line":44,"column":15}}]},"14":{"line":46,"type":"if","locations":[{"start":{"line":46,"column":15},"end":{"line":46,"column":15}},{"start":{"line":46,"column":15},"end":{"line":46,"column":15}}]},"15":{"line":66,"type":"if","locations":[{"start":{"line":66,"column":8},"end":{"line":66,"column":8}},{"start":{"line":66,"column":8},"end":{"line":66,"column":8}}]},"16":{"line":113,"type":"if","locations":[{"start":{"line":113,"column":2},"end":{"line":113,"column":2}},{"start":{"line":113,"column":2},"end":{"line":113,"column":2}}]}}}}