TN:
SF:/Users/ecorreia/Sites/_tests/debugTool/debug-util.js
FN:9,grab
FN:19,debug
FN:73,colorAndConsole
FN:101,logTofile
FNF:4
FNH:4
FNDA:3,grab
FNDA:4,debug
FNDA:2,colorAndConsole
FNDA:3,logTofile
DA:1,1
DA:2,1
DA:3,1
DA:5,1
DA:7,1
DA:9,1
DA:10,3
DA:11,3
DA:13,1
DA:14,1
DA:15,0
DA:16,0
DA:19,1
DA:20,4
DA:21,4
DA:22,4
DA:23,0
DA:26,4
DA:27,2
DA:28,2
DA:31,2
DA:32,0
DA:33,0
DA:36,2
DA:38,1
DA:39,1
DA:42,1
DA:43,1
DA:44,0
DA:45,1
DA:46,1
DA:47,0
DA:48,0
DA:51,1
DA:62,1
DA:64,1
DA:66,1
DA:67,1
DA:73,1
DA:75,2
DA:76,2
DA:77,2
DA:78,2
DA:79,2
DA:80,2
DA:81,2
DA:82,2
DA:83,2
DA:84,2
DA:85,2
DA:87,2
DA:96,2
DA:101,1
DA:102,3
DA:109,3
DA:110,3
DA:112,3
DA:114,3
DA:117,1
DA:118,1
DA:119,1
DA:120,1
DA:121,1
LF:63
LH:55
BRDA:11,1,0,3
BRDA:11,1,1,0
BRDA:13,2,0,1
BRDA:13,2,1,1
BRDA:14,3,0,0
BRDA:14,3,1,1
BRDA:22,4,0,0
BRDA:22,4,1,4
BRDA:26,5,0,2
BRDA:26,5,1,2
BRDA:28,6,0,2
BRDA:28,6,1,0
BRDA:31,7,0,0
BRDA:31,7,1,2
BRDA:31,8,0,2
BRDA:31,8,1,2
BRDA:33,9,0,0
BRDA:33,9,1,0
BRDA:36,10,0,1
BRDA:36,10,1,1
BRDA:38,11,0,1
BRDA:38,11,1,0
BRDA:43,12,0,0
BRDA:43,12,1,1
BRDA:45,13,0,1
BRDA:45,13,1,0
BRDA:47,14,0,0
BRDA:47,14,1,0
BRDA:67,15,0,1
BRDA:67,15,1,0
BRDA:114,16,0,3
BRDA:114,16,1,0
BRF:32
BRH:18
end_of_record
