TN:
SF:/Users/ecorreia/Sites/_tests/debugTool/debug-util.js
FN:11,grab
FN:21,debug
FN:76,colorAndConsole
FN:102,logTofile
FNF:4
FNH:4
FNDA:3,grab
FNDA:4,debug
FNDA:2,colorAndConsole
FNDA:3,logTofile
DA:2,1
DA:3,1
DA:4,1
DA:6,1
DA:8,1
DA:11,1
DA:12,3
DA:13,3
DA:15,1
DA:17,1
DA:18,0
DA:21,1
DA:23,4
DA:25,4
DA:26,4
DA:27,0
DA:30,4
DA:31,1
DA:32,1
DA:35,3
DA:36,1
DA:37,1
DA:40,2
DA:42,1
DA:43,1
DA:46,1
DA:47,1
DA:48,0
DA:49,1
DA:50,1
DA:51,0
DA:52,0
DA:55,1
DA:66,1
DA:68,1
DA:70,1
DA:76,1
DA:78,2
DA:79,2
DA:80,2
DA:81,2
DA:82,2
DA:83,2
DA:84,2
DA:85,2
DA:86,2
DA:87,2
DA:88,2
DA:90,2
DA:99,2
DA:102,1
DA:104,3
DA:111,3
DA:112,3
DA:114,3
DA:116,3
DA:120,1
DA:121,1
DA:124,1
DA:125,1
DA:126,1
DA:127,1
DA:128,1
LF:63
LH:58
BRDA:13,1,0,3
BRDA:13,1,1,0
BRDA:15,2,0,1
BRDA:15,2,1,1
BRDA:17,3,0,0
BRDA:17,3,1,1
BRDA:26,4,0,0
BRDA:26,4,1,4
BRDA:30,5,0,1
BRDA:30,5,1,3
BRDA:32,6,0,1
BRDA:32,6,1,0
BRDA:35,7,0,1
BRDA:35,7,1,2
BRDA:35,8,0,3
BRDA:35,8,1,2
BRDA:37,9,0,1
BRDA:37,9,1,0
BRDA:40,10,0,1
BRDA:40,10,1,1
BRDA:42,11,0,1
BRDA:42,11,1,0
BRDA:47,12,0,0
BRDA:47,12,1,1
BRDA:49,13,0,1
BRDA:49,13,1,0
BRDA:51,14,0,0
BRDA:51,14,1,0
BRDA:70,15,0,1
BRDA:70,15,1,0
BRDA:116,16,0,3
BRDA:116,16,1,0
BRDA:120,17,0,1
BRDA:120,17,1,0
BRF:34
BRH:21
end_of_record
TN:
SF:/Users/ecorreia/Sites/_tests/debugTool/caller.js
FN:3,getCaller
FN:7,getData
FNF:2
FNH:2
FNDA:5,getCaller
FNDA:5,getData
DA:1,2
DA:3,1
DA:4,5
DA:7,1
DA:8,5
DA:9,5
DA:10,5
DA:23,2
LF:8
LH:8
BRF:0
BRH:0
end_of_record
